<?xml version="1.0" encoding="UTF-8"?>
<!-- Generated by org.testng.reporters.JUnitReportReporter -->
<testsuite hostname="Vigneshs-MacBook-Air-3.local" failures="0" tests="1" name="testCases.TC_004_SearchProductTest" time="0.754" errors="0" timestamp="2024-09-07T13:55:52 IST" skipped="0">
  <testcase classname="testCases.TC_004_SearchProductTest" name="verify_pruductSearch" time="0.754"/>
</testsuite> <!-- testCases.TC_004_SearchProductTest -->
