<?xml version="1.0" encoding="UTF-8"?>
<!-- Generated by org.testng.reporters.JUnitReportReporter -->
<testsuite hostname="Pavan-Lenova" failures="0" tests="2" name="utilities.SeleniumServerManager" time="3.356" errors="0" timestamp="2024-05-09T15:29:58 IST" skipped="0">
  <testcase classname="utilities.SeleniumServerManager" name="startSeleniumServer" time="3.355"/>
  <testcase classname="utilities.SeleniumServerManager" name="stopSeleniumServer" time="0.001"/>
</testsuite> <!-- utilities.SeleniumServerManager -->
