<?xml version="1.0" encoding="UTF-8"?>
<!-- Generated by org.testng.reporters.JUnitReportReporter -->
<testsuite hostname="Vigneshs-MacBook-Air-3.local" failures="0" tests="1" name="testCases.TC_005_AddToCartPageTest" time="1.975" errors="0" timestamp="2024-09-07T13:55:52 IST" skipped="0">
  <testcase classname="testCases.TC_005_AddToCartPageTest" name="verify_addToCart" time="1.975"/>
</testsuite> <!-- testCases.TC_005_AddToCartPageTest -->
