<?xml version="1.0" encoding="UTF-8"?>
<!-- Generated by org.testng.reporters.JUnitReportReporter -->
<testsuite hostname="Pavan-Lenova" failures="0" tests="1" name="testCases.TC001_AccountRegistrationTest" time="3.429" errors="0" timestamp="2024-05-10T07:27:50 IST" skipped="0">
  <testcase classname="testCases.TC001_AccountRegistrationTest" name="verify_account_registration" time="3.429"/>
</testsuite> <!-- testCases.TC001_AccountRegistrationTest -->
