<?xml version="1.0" encoding="UTF-8"?>
<!-- Generated by org.testng.reporters.JUnitReportReporter -->
<testsuite hostname="Pavan-Lenova" failures="0" tests="1" name="testCases.TC002_LoginTest" time="4.877" errors="0" timestamp="2024-05-10T07:27:50 IST" skipped="0">
  <testcase classname="testCases.TC002_LoginTest" name="verify_login" time="4.877"/>
</testsuite> <!-- testCases.TC002_LoginTest -->
